{"C:\\Users\\Usuario\\Documents\\EPAM SPECIALIZATION TASKS\\cloud_aws_tasks\\shop-react-redux-backend\\product-service\\src\\functions\\getProductsById\\handler.js": {"path":"C:\\Users\\Usuario\\Documents\\EPAM SPECIALIZATION TASKS\\cloud_aws_tasks\\shop-react-redux-backend\\product-service\\src\\functions\\getProductsById\\handler.js","statementMap":{"0":{"start":{"line":9,"column":31},"end":{"line":31,"column":1}},"1":{"start":{"line":10,"column":24},"end":{"line":10,"column":44}},"2":{"start":{"line":13,"column":2},"end":{"line":18,"column":3}},"3":{"start":{"line":14,"column":4},"end":{"line":17,"column":6}},"4":{"start":{"line":21,"column":18},"end":{"line":21,"column":84}},"5":{"start":{"line":21,"column":37},"end":{"line":21,"column":83}},"6":{"start":{"line":23,"column":2},"end":{"line":28,"column":3}},"7":{"start":{"line":24,"column":4},"end":{"line":27,"column":6}},"8":{"start":{"line":30,"column":2},"end":{"line":30,"column":56}}},"fnMap":{"0":{"name":"(anonymous_0)","decl":{"start":{"line":9,"column":31},"end":{"line":9,"column":32}},"loc":{"start":{"line":9,"column":48},"end":{"line":31,"column":1}},"line":9},"1":{"name":"(anonymous_1)","decl":{"start":{"line":21,"column":32},"end":{"line":21,"column":33}},"loc":{"start":{"line":21,"column":37},"end":{"line":21,"column":83}},"line":21}},"branchMap":{"0":{"loc":{"start":{"line":13,"column":2},"end":{"line":18,"column":3}},"type":"if","locations":[{"start":{"line":13,"column":2},"end":{"line":18,"column":3}},{"start":{},"end":{}}],"line":13},"1":{"loc":{"start":{"line":23,"column":2},"end":{"line":28,"column":3}},"type":"if","locations":[{"start":{"line":23,"column":2},"end":{"line":28,"column":3}},{"start":{},"end":{}}],"line":23}},"s":{"0":1,"1":14,"2":14,"3":2,"4":12,"5":28,"6":12,"7":3,"8":9},"f":{"0":14,"1":28},"b":{"0":[2,12],"1":[3,9]},"inputSourceMap":null,"_coverageSchema":"1a1c01bbd47fc00a2c39e90264f33305004495a9","hash":"6db776c352906bebb09202ea883bd2bc02a17b0e"}
,"C:\\Users\\Usuario\\Documents\\EPAM SPECIALIZATION TASKS\\cloud_aws_tasks\\shop-react-redux-backend\\product-service\\src\\functions\\getProductsList\\handler.js": {"path":"C:\\Users\\Usuario\\Documents\\EPAM SPECIALIZATION TASKS\\cloud_aws_tasks\\shop-react-redux-backend\\product-service\\src\\functions\\getProductsList\\handler.js","statementMap":{"0":{"start":{"line":4,"column":31},"end":{"line":6,"column":1}},"1":{"start":{"line":5,"column":2},"end":{"line":5,"column":57}}},"fnMap":{"0":{"name":"(anonymous_0)","decl":{"start":{"line":4,"column":31},"end":{"line":4,"column":32}},"loc":{"start":{"line":4,"column":48},"end":{"line":6,"column":1}},"line":4}},"branchMap":{},"s":{"0":1,"1":6},"f":{"0":6},"b":{},"inputSourceMap":null,"_coverageSchema":"1a1c01bbd47fc00a2c39e90264f33305004495a9","hash":"d77817421da984589f1378e5ff06d0ad92dc6b24"}
}
